TN:
SF:src/ts/lang.ts
FN:5,(anonymous_0)
FN:7,(anonymous_1)
FN:10,(anonymous_2)
FNF:3
FNH:0
FNDA:0,(anonymous_0)
FNDA:0,(anonymous_1)
FNDA:0,(anonymous_2)
DA:5,1
DA:7,0
DA:10,1
DA:12,0
DA:16,1
DA:153,1
LF:6
LH:4
BRDA:7,0,0,0
BRDA:7,0,1,0
BRDA:12,1,0,0
BRDA:12,1,1,0
BRF:4
BRH:0
end_of_record
TN:
SF:src/ts/search-api-types.ts
FN:1,(anonymous_0)
FN:11,(anonymous_1)
FN:17,(anonymous_2)
FN:23,(anonymous_3)
FN:29,(anonymous_4)
FN:36,(anonymous_5)
FN:58,(anonymous_6)
FNF:7
FNH:7
FNDA:1,(anonymous_0)
FNDA:1,(anonymous_1)
FNDA:1,(anonymous_2)
FNDA:1,(anonymous_3)
FNDA:1,(anonymous_4)
FNDA:1,(anonymous_5)
FNDA:1,(anonymous_6)
DA:1,1
DA:2,1
DA:3,1
DA:4,1
DA:5,1
DA:6,1
DA:7,1
DA:8,1
DA:11,1
DA:12,1
DA:13,1
DA:14,1
DA:17,1
DA:18,1
DA:19,1
DA:20,1
DA:23,1
DA:24,1
DA:25,1
DA:26,1
DA:29,1
DA:30,1
DA:31,1
DA:32,1
DA:33,1
DA:36,1
DA:37,1
DA:38,1
DA:39,1
DA:58,1
DA:59,1
DA:60,1
DA:61,1
DA:62,1
DA:63,1
DA:64,1
LF:36
LH:36
BRDA:1,0,0,1
BRDA:1,0,1,1
BRDA:11,1,0,1
BRDA:11,1,1,1
BRDA:17,2,0,1
BRDA:17,2,1,1
BRDA:23,3,0,1
BRDA:23,3,1,1
BRDA:29,4,0,1
BRDA:29,4,1,1
BRDA:36,5,0,1
BRDA:36,5,1,1
BRDA:58,6,0,1
BRDA:58,6,1,1
BRF:14
BRH:14
end_of_record
TN:
SF:src/ts/utils.ts
FN:5,(anonymous_0)
FN:25,(anonymous_1)
FN:28,(anonymous_2)
FN:32,(anonymous_3)
FN:45,(anonymous_4)
FN:46,(anonymous_5)
FN:53,(anonymous_6)
FN:64,(anonymous_7)
FN:68,(anonymous_8)
FN:96,(anonymous_9)
FN:109,(anonymous_10)
FN:114,(anonymous_11)
FN:121,(anonymous_12)
FNF:13
FNH:1
FNDA:0,(anonymous_0)
FNDA:0,(anonymous_1)
FNDA:0,(anonymous_2)
FNDA:0,(anonymous_3)
FNDA:0,(anonymous_4)
FNDA:0,(anonymous_5)
FNDA:0,(anonymous_6)
FNDA:0,(anonymous_7)
FNDA:0,(anonymous_8)
FNDA:0,(anonymous_9)
FNDA:0,(anonymous_10)
FNDA:0,(anonymous_11)
FNDA:4,(anonymous_12)
DA:1,1
DA:2,1
DA:5,1
DA:8,1
DA:11,1
DA:25,1
DA:26,0
DA:28,1
DA:29,0
DA:32,1
DA:34,0
DA:35,0
DA:37,0
DA:38,0
DA:39,0
DA:41,0
DA:45,1
DA:46,0
DA:47,0
DA:53,1
DA:54,0
DA:55,0
DA:56,0
DA:58,0
DA:59,0
DA:60,0
DA:61,0
DA:64,0
DA:68,1
DA:69,0
DA:70,0
DA:71,0
DA:72,0
DA:73,0
DA:75,0
DA:77,0
DA:78,0
DA:79,0
DA:80,0
DA:81,0
DA:82,0
DA:83,0
DA:84,0
DA:85,0
DA:86,0
DA:88,0
DA:92,0
DA:96,1
DA:99,0
DA:100,0
DA:102,0
DA:103,0
DA:105,0
DA:107,0
DA:108,0
DA:109,0
DA:111,0
DA:114,1
DA:115,0
DA:121,1
DA:123,4
DA:126,4
DA:127,4
DA:128,1
DA:130,3
DA:131,1
DA:132,1
DA:135,2
DA:140,1
DA:141,1
DA:142,1
DA:143,1
DA:144,1
DA:145,1
DA:146,1
LF:75
LH:29
BRDA:26,0,0,0
BRDA:26,0,1,0
BRDA:26,1,0,0
BRDA:26,1,1,0
BRDA:29,2,0,0
BRDA:29,2,1,0
BRDA:29,3,0,0
BRDA:29,3,1,0
BRDA:34,4,0,0
BRDA:60,5,0,0
BRDA:61,6,0,0
BRDA:61,6,1,0
BRDA:64,7,0,0
BRDA:64,7,1,0
BRDA:68,8,0,0
BRDA:70,9,0,0
BRDA:72,10,0,0
BRDA:77,11,0,0
BRDA:79,12,0,0
BRDA:81,13,0,0
BRDA:83,14,0,0
BRDA:85,15,0,0
BRDA:85,16,0,0
BRDA:85,16,1,0
BRDA:88,17,0,0
BRDA:88,17,1,0
BRDA:99,18,0,0
BRDA:99,18,1,0
BRDA:102,19,0,0
BRDA:102,19,1,0
BRDA:107,20,0,0
BRDA:107,20,1,0
BRDA:111,21,0,0
BRDA:111,21,1,0
BRDA:115,22,0,0
BRDA:115,22,1,0
BRDA:127,23,0,1
BRDA:130,24,0,1
BRF:38
BRH:2
end_of_record
